<?xml version="1.0" encoding="UTF-8"?>
<testsuite name="com.telran.wiki.wikiLogIn" tests="1" skipped="0" failures="0" errors="0" timestamp="2019-09-15T23:00:49" hostname="street" time="2.909">
  <properties/>
  <testcase name="logInInWiki" classname="com.telran.wiki.wikiLogIn" time="2.909"/>
  <system-out><![CDATA[]]></system-out>
  <system-err><![CDATA[]]></system-err>
</testsuite>
