<?xml version="1.0" encoding="UTF-8"?>
<testsuite name="com.telran.wiki.wikiLogIn" tests="1" skipped="0" failures="0" errors="0" timestamp="2019-09-18T20:54:00" hostname="street" time="3.119">
  <properties/>
  <testcase name="logInInWiki" classname="com.telran.wiki.wikiLogIn" time="3.119"/>
  <system-out><![CDATA[]]></system-out>
  <system-err><![CDATA[]]></system-err>
</testsuite>
