<?xml version="1.0" encoding="UTF-8"?>
<testsuite name="com.telran.wiki.wikiSearch" tests="1" skipped="0" failures="0" errors="0" timestamp="2019-09-18T20:54:03" hostname="street" time="1.691">
  <properties/>
  <testcase name="searchInWiki" classname="com.telran.wiki.wikiSearch" time="1.691"/>
  <system-out><![CDATA[]]></system-out>
  <system-err><![CDATA[]]></system-err>
</testsuite>
