<?xml version="1.0" encoding="UTF-8"?>
<testsuite name="com.telran.wiki.wikiLogIn" tests="1" skipped="0" failures="0" errors="0" timestamp="2019-08-26T15:06:00" hostname="street" time="3.217">
  <properties/>
  <testcase name="logInInWiki" classname="com.telran.wiki.wikiLogIn" time="3.217"/>
  <system-out><![CDATA[]]></system-out>
  <system-err><![CDATA[Starting ChromeDriver 76.0.3809.126 (d80a294506b4c9d18015e755cee48f953ddc3f2f-refs/branch-heads/3809@{#1024}) on port 24974
Only local connections are allowed.
Please protect ports used by ChromeDriver and related test frameworks to prevent access by malicious code.
Using PPAPI flash.
авг 26, 2019 6:05:58 PM org.openqa.selenium.remote.ProtocolHandshake createSession
INFO: Detected dialect: W3C
]]></system-err>
</testsuite>
