<?xml version="1.0" encoding="UTF-8"?>
<testsuite name="com.telran.wiki.tests.wikiLogIn" tests="1" skipped="0" failures="0" errors="0" timestamp="2019-10-06T23:30:42" hostname="street" time="9.946">
  <properties/>
  <testcase name="logInInWiki" classname="com.telran.wiki.tests.wikiLogIn" time="9.946"/>
  <system-out><![CDATA[]]></system-out>
  <system-err><![CDATA[]]></system-err>
</testsuite>
